<?xml version="1.0" encoding="UTF-8"?>
<!-- Generated by org.testng.reporters.JUnitReportReporter -->
<testsuite hostname="LAPTOP-1826LOER" failures="0" tests="6" name="datadriven.TestRegister" time="43.297" errors="0" timestamp="2024-11-09T07:57:44 IST" skipped="0">
  <testcase classname="datadriven.TestRegister" name="testRegister" time="7.180"/>
  <system-out/>
  <testcase classname="datadriven.TestRegister" name="testRegister" time="7.586"/>
  <system-out/>
  <testcase classname="datadriven.TestRegister" name="testRegister" time="7.114"/>
  <system-out/>
  <testcase classname="datadriven.TestRegister" name="testRegister" time="7.589"/>
  <system-out/>
  <testcase classname="datadriven.TestRegister" name="testRegister" time="6.932"/>
  <system-out/>
  <testcase classname="datadriven.TestRegister" name="testRegister" time="6.896"/>
  <system-out/>
</testsuite> <!-- datadriven.TestRegister -->
