<?xml version="1.0" encoding="UTF-8"?>
<!-- Generated by org.testng.reporters.JUnitReportReporter -->
<testsuite hostname="LAPTOP-1826LOER" failures="0" tests="2" name="datadriven.LoginTest" time="21.114" errors="0" timestamp="2024-11-09T07:26:55 IST" skipped="0">
  <testcase classname="datadriven.LoginTest" name="testLoginFunction" time="10.250"/>
  <system-out/>
  <testcase classname="datadriven.LoginTest" name="testLoginFunction" time="10.864"/>
  <system-out/>
</testsuite> <!-- datadriven.LoginTest -->
