<?xml version="1.0" encoding="UTF-8"?>
<!-- Generated by org.testng.reporters.JUnitReportReporter -->
<testsuite hostname="LAPTOP-1826LOER" failures="0" tests="2" name="testngannotation.TestCase" time="0.017" errors="0" timestamp="2024-11-06T07:27:15 IST" skipped="0">
  <testcase classname="testngannotation.TestCase" name="testCaseOne" time="0.013"/>
  <system-out/>
  <testcase classname="testngannotation.TestCase" name="testCaseTwo" time="0.004"/>
  <system-out/>
</testsuite> <!-- testngannotation.TestCase -->
