<?xml version="1.0" encoding="UTF-8"?>
<!-- Generated by org.testng.reporters.JUnitReportReporter -->
<testsuite hostname="LAPTOP-1826LOER" failures="0" tests="2" name="testngannotation.TestCase2" time="0.012" errors="0" timestamp="2024-11-06T07:37:14 IST" skipped="0">
  <testcase classname="testngannotation.TestCase2" name="testCaseThree" time="0.007"/>
  <system-out/>
  <testcase classname="testngannotation.TestCase2" name="testCaseFour" time="0.005"/>
  <system-out/>
</testsuite> <!-- testngannotation.TestCase2 -->
