<?xml version="1.0" encoding="UTF-8"?>
<!-- Generated by org.testng.reporters.JUnitReportReporter -->
<testsuite hostname="LAPTOP-1826LOER" failures="0" tests="3" name="testngdemo.GoogleSearchCelebrities" time="27.291" errors="0" timestamp="2024-11-05T08:42:42 IST" skipped="0">
  <testcase classname="testngdemo.GoogleSearchCelebrities" name="testSearchHritik" time="9.163"/>
  <system-out/>
  <testcase classname="testngdemo.GoogleSearchCelebrities" name="testSearchRajini" time="9.180"/>
  <system-out/>
  <testcase classname="testngdemo.GoogleSearchCelebrities" name="testSearchKate" time="8.948"/>
  <system-out/>
</testsuite> <!-- testngdemo.GoogleSearchCelebrities -->
