<?xml version="1.0" encoding="UTF-8"?>
<!-- Generated by org.testng.reporters.JUnitReportReporter -->
<testsuite hostname="LAPTOP-1826LOER" failures="0" tests="6" name="testngannotation.TestCase1" time="0.020" errors="0" timestamp="2024-11-06T07:43:15 IST" skipped="1">
  <testcase classname="testngannotation.TestCase1" name="testCaseOne" time="0.003"/>
  <system-out/>
  <testcase classname="testngannotation.TestCase1" name="testCaseOne" time="0.003"/>
  <system-out/>
  <testcase classname="testngannotation.TestCase1" name="testCaseOne" time="0.003"/>
  <system-out/>
  <testcase classname="testngannotation.TestCase1" name="testCaseOne" time="0.007"/>
  <system-out/>
  <testcase classname="testngannotation.TestCase1" name="testCaseOne" time="0.004"/>
  <system-out/>
  <testcase classname="testngannotation.TestCase1" name="testCaseTwo">
    <skipped/>
  </testcase> <!-- testCaseTwo -->
  <system-out/>
</testsuite> <!-- testngannotation.TestCase1 -->
